<?xml version="1.0" encoding="UTF-8"?>
<!-- Generated by org.testng.reporters.JUnitReportReporter -->
<testsuite hostname="DESKTOP-VFB79Q5" failures="0" tests="2" name="mercuryTours.test.RegistrationTest" time="6.469" errors="0" timestamp="2020-04-05T15:17:05 CEST" skipped="0">
  <testcase classname="mercuryTours.test.RegistrationTest" name="testRegLink" time="2.180"/>
  <system-out/>
  <testcase classname="mercuryTours.test.RegistrationTest" name="testRegForm" time="4.289"/>
  <system-out/>
</testsuite> <!-- mercuryTours.test.RegistrationTest -->
